<?xml version="1.0" encoding="UTF-8"?>
<testsuite xmlns:xsi="http://www.w3.org/2001/XMLSchema-instance" xsi:noNamespaceSchemaLocation="https://maven.apache.org/surefire/maven-surefire-plugin/xsd/surefire-test-report-3.0.xsd" version="3.0" name="Tingeso.Proyecto.services.TicketServiceTest" time="0.079" tests="32" errors="0" skipped="0" failures="0">
  <properties>
[...]
</properties>
  <testcase name="testGetByIdUser" classname="Tingeso.Proyecto.services.TicketServiceTest" time="0.042"/>
  <testcase name="whenValidateR6_thenFalse" classname="Tingeso.Proyecto.services.TicketServiceTest" time="0.002"/>
  <testcase name="testSave" classname="Tingeso.Proyecto.services.TicketServiceTest" time="0.001"/>
  <testcase name="whenValidateR1_thenFalse" classname="Tingeso.Proyecto.services.TicketServiceTest" time="0.001"/>
  <testcase name="whenAcceptTicket_thenTicketAccepted" classname="Tingeso.Proyecto.services.TicketServiceTest" time="0.002"/>
  <testcase name="whenValidateR6_thenCorrect" classname="Tingeso.Proyecto.services.TicketServiceTest" time="0.001"/>
  <testcase name="testGetById" classname="Tingeso.Proyecto.services.TicketServiceTest" time="0.002"/>
  <testcase name="whenValidateR3_thenFalse" classname="Tingeso.Proyecto.services.TicketServiceTest" time="0.001"/>
  <testcase name="whenValidateR3_thenTrue2" classname="Tingeso.Proyecto.services.TicketServiceTest" time="0.001"/>
  <testcase name="testGetAllByStatus" classname="Tingeso.Proyecto.services.TicketServiceTest" time="0.001"/>
  <testcase name="whenCancelTicket_thenNoExceptions" classname="Tingeso.Proyecto.services.TicketServiceTest" time="0.001"/>
  <testcase name="whenValidateR6_thenTrue" classname="Tingeso.Proyecto.services.TicketServiceTest" time="0.001"/>
  <testcase name="whenRejectTicket_thenCorrect" classname="Tingeso.Proyecto.services.TicketServiceTest" time="0.001"/>
  <testcase name="whenValidateR5_thenFalse" classname="Tingeso.Proyecto.services.TicketServiceTest" time="0.001"/>
  <testcase name="whenValidateR5_thenTrue2" classname="Tingeso.Proyecto.services.TicketServiceTest" time="0.001"/>
  <testcase name="whenValidateR5_thenTrue3" classname="Tingeso.Proyecto.services.TicketServiceTest" time="0.001"/>
  <testcase name="whenValidateR5_thenTrue4" classname="Tingeso.Proyecto.services.TicketServiceTest" time="0.0"/>
  <testcase name="whenValidateR5_thenTrue" classname="Tingeso.Proyecto.services.TicketServiceTest" time="0.0"/>
  <testcase name="whenValidateR4_thenTrue" classname="Tingeso.Proyecto.services.TicketServiceTest" time="0.0"/>
  <testcase name="testAddTicket" classname="Tingeso.Proyecto.services.TicketServiceTest" time="0.001"/>
  <testcase name="whenValidateR3_thenTrue" classname="Tingeso.Proyecto.services.TicketServiceTest" time="0.001"/>
  <testcase name="whenValidateR1_thenTrue" classname="Tingeso.Proyecto.services.TicketServiceTest" time="0.001"/>
  <testcase name="whenValidateR6_thenCorrect2" classname="Tingeso.Proyecto.services.TicketServiceTest" time="0.001"/>
  <testcase name="whenValidateR6_thenCorrect3" classname="Tingeso.Proyecto.services.TicketServiceTest" time="0.001"/>
  <testcase name="whenApproveTicket_thenTicketApproved" classname="Tingeso.Proyecto.services.TicketServiceTest" time="0.0"/>
  <testcase name="whenValidateR3_thenFalse2" classname="Tingeso.Proyecto.services.TicketServiceTest" time="0.001"/>
  <testcase name="whenAccepTicketExecutive_thenCorrect" classname="Tingeso.Proyecto.services.TicketServiceTest" time="0.001"/>
  <testcase name="whenValidateR5_thenFalse2" classname="Tingeso.Proyecto.services.TicketServiceTest" time="0.0"/>
  <testcase name="whenValidateR5_thenFalse3" classname="Tingeso.Proyecto.services.TicketServiceTest" time="0.0"/>
  <testcase name="whenValidateR5_thenFalse4" classname="Tingeso.Proyecto.services.TicketServiceTest" time="0.0"/>
  <testcase name="whenValidateR5_thenFalse5" classname="Tingeso.Proyecto.services.TicketServiceTest" time="0.001"/>
  <testcase name="whenValidateR4_thenFalse" classname="Tingeso.Proyecto.services.TicketServiceTest" time="0.001"/>
</testsuite>